0 info it worked if it ends with ok
1 verbose cli [ '/Users/victor/.nvm/versions/node/v6.10.3/bin/node',
1 verbose cli   '/Users/victor/.nvm/versions/node/v6.10.3/bin/npm',
1 verbose cli   'run',
1 verbose cli   'test' ]
2 info using npm@3.10.8
3 info using node@v6.10.3
4 verbose run-script [ 'pretest', 'test', 'posttest' ]
5 info lifecycle remark-captions@0.0.2~pretest: remark-captions@0.0.2
6 verbose lifecycle remark-captions@0.0.2~pretest: unsafe-perm in lifecycle true
7 verbose lifecycle remark-captions@0.0.2~pretest: PATH: /Users/victor/.nvm/versions/node/v6.10.3/lib/node_modules/npm/bin/node-gyp-bin:/Volumes/repositories/zmarkdown/zmarkdown/packages/remark-captions/node_modules/.bin:/Users/victor/.nvm/versions/node/v6.10.3/bin:/Users/victor/.rvm/gems/ruby-2.3.1/bin:/Users/victor/.rvm/gems/ruby-2.3.1@global/bin:/Users/victor/.rvm/rubies/ruby-2.3.1/bin:/usr/local/opt/node@6/bin:/usr/local/opt/imagemagick@6/bin:/Users/victor/.bin/git-semantic-commits:/usr/local/opt/mysql55/bin:/Users/victor/.yarn/bin:/Users/victor/.rvm/bin:/usr/sbin:/usr/local/bin:/usr/local/sbin:/Users/victor/.bin:/usr/bin:/sbin:/bin:/Applications/Postgres.app/Contents/Versions/latest/bin:/Users/victor/repos/depot_tools:/usr/local/lib/node_modules/.bin:/Library/Frameworks/Python.framework/Versions/2.7/bin:/usr/local/bin:/usr/bin:/bin:/usr/sbin:/sbin:/opt/X11/bin:/Library/TeX/texbin:/Library/Java/JavaVirtualMachines/jdk1.8.0_102.jdk/Contents/Home:/usr/local/opt/fzf/bin
8 verbose lifecycle remark-captions@0.0.2~pretest: CWD: /Volumes/repositories/zmarkdown/zmarkdown/packages/remark-captions
9 silly lifecycle remark-captions@0.0.2~pretest: Args: [ '-c', 'eslint src' ]
10 info lifecycle remark-captions@0.0.2~pretest: Failed to exec pretest script
11 verbose stack Error: remark-captions@0.0.2 pretest: `eslint src`
11 verbose stack spawn ENOENT
11 verbose stack     at ChildProcess.<anonymous> (/Users/victor/.nvm/versions/node/v6.10.3/lib/node_modules/npm/lib/utils/spawn.js:33:16)
11 verbose stack     at emitTwo (events.js:106:13)
11 verbose stack     at ChildProcess.emit (events.js:191:7)
11 verbose stack     at maybeClose (internal/child_process.js:886:16)
11 verbose stack     at Process.ChildProcess._handle.onexit (internal/child_process.js:226:5)
12 verbose pkgid remark-captions@0.0.2
13 verbose cwd /Volumes/repositories/zmarkdown/zmarkdown/packages/remark-captions
14 error Darwin 16.6.0
15 error argv "/Users/victor/.nvm/versions/node/v6.10.3/bin/node" "/Users/victor/.nvm/versions/node/v6.10.3/bin/npm" "run" "test"
16 error node v6.10.3
17 error npm  v3.10.8
18 error file sh
19 error code ELIFECYCLE
20 error errno ENOENT
21 error syscall spawn
22 error remark-captions@0.0.2 pretest: `eslint src`
22 error spawn ENOENT
23 error Failed at the remark-captions@0.0.2 pretest script 'eslint src'.
23 error Make sure you have the latest version of node.js and npm installed.
23 error If you do, this is most likely a problem with the remark-captions package,
23 error not with npm itself.
23 error Tell the author that this fails on your system:
23 error     eslint src
23 error You can get information on how to open an issue for this project with:
23 error     npm bugs remark-captions
23 error Or if that isn't available, you can get their info via:
23 error     npm owner ls remark-captions
23 error There is likely additional logging output above.
24 verbose exit [ 1, true ]
